{"D:\\github\\algorithm-review\\src\\binary.js":{"path":"D:\\github\\algorithm-review\\src\\binary.js","s":{"1":1,"2":9,"3":2,"4":7,"5":7,"6":7,"7":7,"8":6,"9":6,"10":3,"11":3,"12":2,"13":1,"14":4,"15":1},"b":{"1":[2,7],"2":[1,1],"3":[10,10,8],"4":[3,3],"5":[2,1]},"f":{"1":9},"fnMap":{"1":{"name":"binary","line":14,"loc":{"start":{"line":14,"column":0},"end":{"line":14,"column":28}}}},"statementMap":{"1":{"start":{"line":14,"column":0},"end":{"line":36,"column":1}},"2":{"start":{"line":15,"column":2},"end":{"line":17,"column":3}},"3":{"start":{"line":16,"column":4},"end":{"line":16,"column":37}},"4":{"start":{"line":19,"column":2},"end":{"line":19,"column":16}},"5":{"start":{"line":20,"column":2},"end":{"line":20,"column":27}},"6":{"start":{"line":22,"column":2},"end":{"line":22,"column":13}},"7":{"start":{"line":25,"column":2},"end":{"line":34,"column":3}},"8":{"start":{"line":26,"column":4},"end":{"line":26,"column":98}},"9":{"start":{"line":27,"column":4},"end":{"line":33,"column":5}},"10":{"start":{"line":28,"column":6},"end":{"line":28,"column":20}},"11":{"start":{"line":29,"column":11},"end":{"line":33,"column":5}},"12":{"start":{"line":30,"column":6},"end":{"line":30,"column":25}},"13":{"start":{"line":32,"column":6},"end":{"line":32,"column":23}},"14":{"start":{"line":35,"column":2},"end":{"line":35,"column":12}},"15":{"start":{"line":43,"column":0},"end":{"line":43,"column":24}}},"branchMap":{"1":{"line":15,"type":"if","locations":[{"start":{"line":15,"column":2},"end":{"line":15,"column":2}},{"start":{"line":15,"column":2},"end":{"line":15,"column":2}}]},"2":{"line":16,"type":"cond-expr","locations":[{"start":{"line":16,"column":30},"end":{"line":16,"column":31}},{"start":{"line":16,"column":34},"end":{"line":16,"column":36}}]},"3":{"line":25,"type":"binary-expr","locations":[{"start":{"line":25,"column":8},"end":{"line":25,"column":19}},{"start":{"line":25,"column":23},"end":{"line":25,"column":42}},{"start":{"line":25,"column":46},"end":{"line":25,"column":63}}]},"4":{"line":27,"type":"if","locations":[{"start":{"line":27,"column":4},"end":{"line":27,"column":4}},{"start":{"line":27,"column":4},"end":{"line":27,"column":4}}]},"5":{"line":29,"type":"if","locations":[{"start":{"line":29,"column":11},"end":{"line":29,"column":11}},{"start":{"line":29,"column":11},"end":{"line":29,"column":11}}]}}},"D:\\github\\algorithm-review\\src\\bubble.js":{"path":"D:\\github\\algorithm-review\\src\\bubble.js","s":{"1":1,"2":1,"3":4,"4":16,"5":24,"6":14,"7":4,"8":1},"b":{"1":[14,10]},"f":{"1":4},"fnMap":{"1":{"name":"bubble","line":6,"loc":{"start":{"line":6,"column":0},"end":{"line":6,"column":21}}}},"statementMap":{"1":{"start":{"line":4,"column":0},"end":{"line":4,"column":31}},"2":{"start":{"line":6,"column":0},"end":{"line":16,"column":1}},"3":{"start":{"line":7,"column":2},"end":{"line":13,"column":3}},"4":{"start":{"line":8,"column":4},"end":{"line":12,"column":5}},"5":{"start":{"line":9,"column":6},"end":{"line":11,"column":7}},"6":{"start":{"line":10,"column":8},"end":{"line":10,"column":34}},"7":{"start":{"line":15,"column":2},"end":{"line":15,"column":13}},"8":{"start":{"line":18,"column":0},"end":{"line":18,"column":24}}},"branchMap":{"1":{"line":9,"type":"if","locations":[{"start":{"line":9,"column":6},"end":{"line":9,"column":6}},{"start":{"line":9,"column":6},"end":{"line":9,"column":6}}]}}},"D:\\github\\algorithm-review\\src\\swap.js":{"path":"D:\\github\\algorithm-review\\src\\swap.js","s":{"1":1,"2":136,"3":136,"4":136,"5":136,"6":136,"7":1},"b":{},"f":{"1":136},"fnMap":{"1":{"name":"swap","line":12,"loc":{"start":{"line":12,"column":0},"end":{"line":12,"column":25}}}},"statementMap":{"1":{"start":{"line":12,"column":0},"end":{"line":18,"column":1}},"2":{"start":{"line":13,"column":2},"end":{"line":13,"column":27}},"3":{"start":{"line":14,"column":2},"end":{"line":14,"column":26}},"4":{"start":{"line":15,"column":2},"end":{"line":15,"column":30}},"5":{"start":{"line":16,"column":2},"end":{"line":16,"column":22}},"6":{"start":{"line":17,"column":2},"end":{"line":17,"column":19}},"7":{"start":{"line":20,"column":0},"end":{"line":20,"column":22}}},"branchMap":{}},"D:\\github\\algorithm-review\\src\\bubbleOptimization.js":{"path":"D:\\github\\algorithm-review\\src\\bubbleOptimization.js","s":{"1":1,"2":1,"3":4,"4":4,"5":12,"6":25,"7":14,"8":14,"9":12,"10":4,"11":1},"b":{"1":[14,11]},"f":{"1":4},"fnMap":{"1":{"name":"bubble","line":9,"loc":{"start":{"line":9,"column":0},"end":{"line":9,"column":21}}}},"statementMap":{"1":{"start":{"line":7,"column":0},"end":{"line":7,"column":31}},"2":{"start":{"line":9,"column":0},"end":{"line":23,"column":1}},"3":{"start":{"line":10,"column":2},"end":{"line":11,"column":19}},"4":{"start":{"line":12,"column":2},"end":{"line":20,"column":3}},"5":{"start":{"line":13,"column":4},"end":{"line":18,"column":5}},"6":{"start":{"line":14,"column":6},"end":{"line":17,"column":7}},"7":{"start":{"line":15,"column":8},"end":{"line":15,"column":34}},"8":{"start":{"line":16,"column":8},"end":{"line":16,"column":17}},"9":{"start":{"line":19,"column":4},"end":{"line":19,"column":16}},"10":{"start":{"line":22,"column":2},"end":{"line":22,"column":13}},"11":{"start":{"line":24,"column":0},"end":{"line":24,"column":24}}},"branchMap":{"1":{"line":14,"type":"if","locations":[{"start":{"line":14,"column":6},"end":{"line":14,"column":6}},{"start":{"line":14,"column":6},"end":{"line":14,"column":6}}]}}},"D:\\github\\algorithm-review\\src\\count.js":{"path":"D:\\github\\algorithm-review\\src\\count.js","s":{"1":1,"2":5,"3":1,"4":4,"5":4,"6":4,"7":4,"8":4,"9":36,"10":36,"11":36,"12":4,"13":88,"14":4,"15":36,"16":36,"17":4,"18":1},"b":{"1":[1,4],"2":[3,33],"3":[7,29],"4":[8,28],"5":[88,64]},"f":{"1":5},"fnMap":{"1":{"name":"count","line":12,"loc":{"start":{"line":12,"column":0},"end":{"line":12,"column":20}}}},"statementMap":{"1":{"start":{"line":12,"column":0},"end":{"line":37,"column":1}},"2":{"start":{"line":13,"column":2},"end":{"line":13,"column":33}},"3":{"start":{"line":13,"column":22},"end":{"line":13,"column":33}},"4":{"start":{"line":16,"column":2},"end":{"line":16,"column":20}},"5":{"start":{"line":18,"column":2},"end":{"line":18,"column":19}},"6":{"start":{"line":19,"column":2},"end":{"line":19,"column":19}},"7":{"start":{"line":20,"column":2},"end":{"line":20,"column":15}},"8":{"start":{"line":21,"column":2},"end":{"line":25,"column":3}},"9":{"start":{"line":22,"column":4},"end":{"line":22,"column":38}},"10":{"start":{"line":23,"column":4},"end":{"line":23,"column":38}},"11":{"start":{"line":24,"column":4},"end":{"line":24,"column":67}},"12":{"start":{"line":27,"column":2},"end":{"line":29,"column":3}},"13":{"start":{"line":28,"column":4},"end":{"line":28,"column":59}},"14":{"start":{"line":31,"column":2},"end":{"line":34,"column":3}},"15":{"start":{"line":32,"column":4},"end":{"line":32,"column":39}},"16":{"start":{"line":33,"column":4},"end":{"line":33,"column":24}},"17":{"start":{"line":36,"column":2},"end":{"line":36,"column":13}},"18":{"start":{"line":44,"column":0},"end":{"line":44,"column":23}}},"branchMap":{"1":{"line":13,"type":"if","locations":[{"start":{"line":13,"column":2},"end":{"line":13,"column":2}},{"start":{"line":13,"column":2},"end":{"line":13,"column":2}}]},"2":{"line":22,"type":"cond-expr","locations":[{"start":{"line":22,"column":25},"end":{"line":22,"column":31}},{"start":{"line":22,"column":34},"end":{"line":22,"column":37}}]},"3":{"line":23,"type":"cond-expr","locations":[{"start":{"line":23,"column":25},"end":{"line":23,"column":31}},{"start":{"line":23,"column":34},"end":{"line":23,"column":37}}]},"4":{"line":24,"type":"cond-expr","locations":[{"start":{"line":24,"column":42},"end":{"line":24,"column":62}},{"start":{"line":24,"column":65},"end":{"line":24,"column":66}}]},"5":{"line":28,"type":"binary-expr","locations":[{"start":{"line":28,"column":37},"end":{"line":28,"column":52}},{"start":{"line":28,"column":56},"end":{"line":28,"column":57}}]}}},"D:\\github\\algorithm-review\\src\\heap.js":{"path":"D:\\github\\algorithm-review\\src\\heap.js","s":{"1":1,"2":1,"3":5,"4":1,"5":4,"6":4,"7":20,"8":4,"9":36,"10":36,"11":4,"12":1,"13":108,"14":108,"15":108,"16":108,"17":108,"18":42,"19":108,"20":18,"21":108,"22":52,"23":52,"24":56,"25":1},"b":{"1":[1,4],"2":[42,66],"3":[108,68],"4":[18,90],"5":[108,55],"6":[52,56]},"f":{"1":5,"2":108},"fnMap":{"1":{"name":"heap","line":12,"loc":{"start":{"line":12,"column":0},"end":{"line":12,"column":19}}},"2":{"name":"heapify","line":37,"loc":{"start":{"line":37,"column":0},"end":{"line":37,"column":34}}}},"statementMap":{"1":{"start":{"line":5,"column":0},"end":{"line":5,"column":31}},"2":{"start":{"line":12,"column":0},"end":{"line":26,"column":1}},"3":{"start":{"line":13,"column":2},"end":{"line":13,"column":33}},"4":{"start":{"line":13,"column":22},"end":{"line":13,"column":33}},"5":{"start":{"line":14,"column":2},"end":{"line":14,"column":23}},"6":{"start":{"line":16,"column":2},"end":{"line":18,"column":3}},"7":{"start":{"line":17,"column":4},"end":{"line":17,"column":31}},"8":{"start":{"line":20,"column":2},"end":{"line":23,"column":3}},"9":{"start":{"line":21,"column":4},"end":{"line":21,"column":26}},"10":{"start":{"line":22,"column":4},"end":{"line":22,"column":33}},"11":{"start":{"line":25,"column":2},"end":{"line":25,"column":13}},"12":{"start":{"line":37,"column":0},"end":{"line":56,"column":1}},"13":{"start":{"line":38,"column":2},"end":{"line":38,"column":25}},"14":{"start":{"line":39,"column":2},"end":{"line":39,"column":28}},"15":{"start":{"line":40,"column":2},"end":{"line":40,"column":29}},"16":{"start":{"line":41,"column":2},"end":{"line":41,"column":14}},"17":{"start":{"line":42,"column":2},"end":{"line":44,"column":3}},"18":{"start":{"line":43,"column":4},"end":{"line":43,"column":20}},"19":{"start":{"line":46,"column":2},"end":{"line":48,"column":3}},"20":{"start":{"line":47,"column":4},"end":{"line":47,"column":21}},"21":{"start":{"line":50,"column":2},"end":{"line":53,"column":3}},"22":{"start":{"line":51,"column":4},"end":{"line":51,"column":28}},"23":{"start":{"line":52,"column":4},"end":{"line":52,"column":34}},"24":{"start":{"line":55,"column":2},"end":{"line":55,"column":13}},"25":{"start":{"line":62,"column":0},"end":{"line":62,"column":22}}},"branchMap":{"1":{"line":13,"type":"if","locations":[{"start":{"line":13,"column":2},"end":{"line":13,"column":2}},{"start":{"line":13,"column":2},"end":{"line":13,"column":2}}]},"2":{"line":42,"type":"if","locations":[{"start":{"line":42,"column":2},"end":{"line":42,"column":2}},{"start":{"line":42,"column":2},"end":{"line":42,"column":2}}]},"3":{"line":42,"type":"binary-expr","locations":[{"start":{"line":42,"column":6},"end":{"line":42,"column":21}},{"start":{"line":42,"column":25},"end":{"line":42,"column":50}}]},"4":{"line":46,"type":"if","locations":[{"start":{"line":46,"column":2},"end":{"line":46,"column":2}},{"start":{"line":46,"column":2},"end":{"line":46,"column":2}}]},"5":{"line":46,"type":"binary-expr","locations":[{"start":{"line":46,"column":6},"end":{"line":46,"column":22}},{"start":{"line":46,"column":26},"end":{"line":46,"column":52}}]},"6":{"line":50,"type":"if","locations":[{"start":{"line":50,"column":2},"end":{"line":50,"column":2}},{"start":{"line":50,"column":2},"end":{"line":50,"column":2}}]}}},"D:\\github\\algorithm-review\\src\\insert.js":{"path":"D:\\github\\algorithm-review\\src\\insert.js","s":{"1":1,"2":4,"3":32,"4":24,"5":24,"6":112,"7":60,"8":60,"9":24,"10":4,"11":1},"b":{"1":[24,8],"2":[60,52]},"f":{"1":4},"fnMap":{"1":{"name":"insert","line":4,"loc":{"start":{"line":4,"column":0},"end":{"line":4,"column":21}}}},"statementMap":{"1":{"start":{"line":4,"column":0},"end":{"line":20,"column":1}},"2":{"start":{"line":5,"column":2},"end":{"line":17,"column":3}},"3":{"start":{"line":6,"column":4},"end":{"line":16,"column":5}},"4":{"start":{"line":7,"column":6},"end":{"line":8,"column":23}},"5":{"start":{"line":9,"column":6},"end":{"line":14,"column":7}},"6":{"start":{"line":10,"column":8},"end":{"line":13,"column":9}},"7":{"start":{"line":11,"column":10},"end":{"line":11,"column":30}},"8":{"start":{"line":12,"column":10},"end":{"line":12,"column":19}},"9":{"start":{"line":15,"column":6},"end":{"line":15,"column":23}},"10":{"start":{"line":19,"column":2},"end":{"line":19,"column":13}},"11":{"start":{"line":22,"column":0},"end":{"line":22,"column":24}}},"branchMap":{"1":{"line":6,"type":"if","locations":[{"start":{"line":6,"column":4},"end":{"line":6,"column":4}},{"start":{"line":6,"column":4},"end":{"line":6,"column":4}}]},"2":{"line":10,"type":"if","locations":[{"start":{"line":10,"column":8},"end":{"line":10,"column":8}},{"start":{"line":10,"column":8},"end":{"line":10,"column":8}}]}}},"D:\\github\\algorithm-review\\src\\merge.js":{"path":"D:\\github\\algorithm-review\\src\\merge.js","s":{"1":1,"2":68,"3":36,"4":32,"5":32,"6":32,"7":32,"8":1,"9":32,"10":32,"11":79,"12":32,"13":18,"14":32,"15":19,"16":32,"17":1},"b":{"1":[36,32],"2":[111,97],"3":[34,45]},"f":{"1":68,"2":32},"fnMap":{"1":{"name":"merge","line":13,"loc":{"start":{"line":13,"column":0},"end":{"line":13,"column":20}}},"2":{"name":"mergeify","line":33,"loc":{"start":{"line":33,"column":0},"end":{"line":33,"column":31}}}},"statementMap":{"1":{"start":{"line":13,"column":0},"end":{"line":24,"column":1}},"2":{"start":{"line":14,"column":2},"end":{"line":14,"column":33}},"3":{"start":{"line":14,"column":22},"end":{"line":14,"column":33}},"4":{"start":{"line":17,"column":2},"end":{"line":17,"column":40}},"5":{"start":{"line":19,"column":2},"end":{"line":19,"column":34}},"6":{"start":{"line":21,"column":2},"end":{"line":21,"column":32}},"7":{"start":{"line":23,"column":2},"end":{"line":23,"column":45}},"8":{"start":{"line":33,"column":0},"end":{"line":49,"column":1}},"9":{"start":{"line":34,"column":2},"end":{"line":34,"column":15}},"10":{"start":{"line":36,"column":2},"end":{"line":38,"column":3}},"11":{"start":{"line":37,"column":4},"end":{"line":37,"column":74}},"12":{"start":{"line":40,"column":2},"end":{"line":42,"column":3}},"13":{"start":{"line":41,"column":4},"end":{"line":41,"column":27}},"14":{"start":{"line":44,"column":2},"end":{"line":46,"column":3}},"15":{"start":{"line":45,"column":4},"end":{"line":45,"column":28}},"16":{"start":{"line":48,"column":2},"end":{"line":48,"column":13}},"17":{"start":{"line":56,"column":0},"end":{"line":56,"column":23}}},"branchMap":{"1":{"line":14,"type":"if","locations":[{"start":{"line":14,"column":2},"end":{"line":14,"column":2}},{"start":{"line":14,"column":2},"end":{"line":14,"column":2}}]},"2":{"line":36,"type":"binary-expr","locations":[{"start":{"line":36,"column":9},"end":{"line":36,"column":24}},{"start":{"line":36,"column":28},"end":{"line":36,"column":44}}]},"3":{"line":37,"type":"cond-expr","locations":[{"start":{"line":37,"column":25},"end":{"line":37,"column":47}},{"start":{"line":37,"column":50},"end":{"line":37,"column":73}}]}}},"D:\\github\\algorithm-review\\src\\quick.js":{"path":"D:\\github\\algorithm-review\\src\\quick.js","s":{"1":1,"2":46,"3":25,"4":21,"5":21,"6":21,"7":21,"8":98,"9":21,"10":1},"b":{"1":[25,21],"2":[37,61]},"f":{"1":46},"fnMap":{"1":{"name":"quick","line":10,"loc":{"start":{"line":10,"column":0},"end":{"line":10,"column":20}}}},"statementMap":{"1":{"start":{"line":10,"column":0},"end":{"line":26,"column":1}},"2":{"start":{"line":11,"column":2},"end":{"line":13,"column":3}},"3":{"start":{"line":12,"column":4},"end":{"line":12,"column":15}},"4":{"start":{"line":15,"column":2},"end":{"line":15,"column":35}},"5":{"start":{"line":17,"column":2},"end":{"line":17,"column":16}},"6":{"start":{"line":19,"column":2},"end":{"line":19,"column":17}},"7":{"start":{"line":21,"column":2},"end":{"line":23,"column":3}},"8":{"start":{"line":22,"column":4},"end":{"line":22,"column":67}},"9":{"start":{"line":25,"column":2},"end":{"line":25,"column":60}},"10":{"start":{"line":33,"column":0},"end":{"line":33,"column":23}}},"branchMap":{"1":{"line":11,"type":"if","locations":[{"start":{"line":11,"column":2},"end":{"line":11,"column":2}},{"start":{"line":11,"column":2},"end":{"line":11,"column":2}}]},"2":{"line":22,"type":"cond-expr","locations":[{"start":{"line":22,"column":28},"end":{"line":22,"column":45}},{"start":{"line":22,"column":48},"end":{"line":22,"column":66}}]}}},"D:\\github\\algorithm-review\\src\\select.js":{"path":"D:\\github\\algorithm-review\\src\\select.js","s":{"1":1,"2":1,"3":4,"4":32,"5":32,"6":144,"7":31,"8":32,"9":20,"10":4,"11":1},"b":{"1":[31,113],"2":[20,12]},"f":{"1":4},"fnMap":{"1":{"name":"select","line":6,"loc":{"start":{"line":6,"column":0},"end":{"line":6,"column":21}}}},"statementMap":{"1":{"start":{"line":4,"column":0},"end":{"line":4,"column":31}},"2":{"start":{"line":6,"column":0},"end":{"line":20,"column":1}},"3":{"start":{"line":7,"column":2},"end":{"line":17,"column":3}},"4":{"start":{"line":8,"column":4},"end":{"line":8,"column":16}},"5":{"start":{"line":9,"column":4},"end":{"line":13,"column":5}},"6":{"start":{"line":10,"column":6},"end":{"line":12,"column":7}},"7":{"start":{"line":11,"column":8},"end":{"line":11,"column":16}},"8":{"start":{"line":14,"column":4},"end":{"line":16,"column":5}},"9":{"start":{"line":15,"column":6},"end":{"line":15,"column":30}},"10":{"start":{"line":19,"column":2},"end":{"line":19,"column":13}},"11":{"start":{"line":26,"column":0},"end":{"line":26,"column":24}}},"branchMap":{"1":{"line":10,"type":"if","locations":[{"start":{"line":10,"column":6},"end":{"line":10,"column":6}},{"start":{"line":10,"column":6},"end":{"line":10,"column":6}}]},"2":{"line":14,"type":"if","locations":[{"start":{"line":14,"column":4},"end":{"line":14,"column":4}},{"start":{"line":14,"column":4},"end":{"line":14,"column":4}}]}}},"D:\\github\\algorithm-review\\src\\shell.js":{"path":"D:\\github\\algorithm-review\\src\\shell.js","s":{"1":1,"2":4,"3":4,"4":4,"5":8,"6":4,"7":12,"8":64,"9":64,"10":188,"11":39,"12":39,"13":64,"14":4,"15":1},"b":{"1":[39,149]},"f":{"1":4},"fnMap":{"1":{"name":"shell","line":4,"loc":{"start":{"line":4,"column":0},"end":{"line":4,"column":20}}}},"statementMap":{"1":{"start":{"line":4,"column":0},"end":{"line":27,"column":1}},"2":{"start":{"line":6,"column":2},"end":{"line":7,"column":16}},"3":{"start":{"line":8,"column":2},"end":{"line":8,"column":23}},"4":{"start":{"line":9,"column":2},"end":{"line":11,"column":3}},"5":{"start":{"line":10,"column":4},"end":{"line":10,"column":26}},"6":{"start":{"line":12,"column":2},"end":{"line":24,"column":3}},"7":{"start":{"line":13,"column":4},"end":{"line":23,"column":5}},"8":{"start":{"line":14,"column":6},"end":{"line":15,"column":19}},"9":{"start":{"line":16,"column":6},"end":{"line":21,"column":7}},"10":{"start":{"line":17,"column":8},"end":{"line":20,"column":9}},"11":{"start":{"line":18,"column":10},"end":{"line":18,"column":32}},"12":{"start":{"line":19,"column":10},"end":{"line":19,"column":19}},"13":{"start":{"line":22,"column":6},"end":{"line":22,"column":23}},"14":{"start":{"line":26,"column":2},"end":{"line":26,"column":13}},"15":{"start":{"line":33,"column":0},"end":{"line":33,"column":23}}},"branchMap":{"1":{"line":17,"type":"if","locations":[{"start":{"line":17,"column":8},"end":{"line":17,"column":8}},{"start":{"line":17,"column":8},"end":{"line":17,"column":8}}]}}}}