{"D:\\github\\algorithm-review\\src\\bubble.js":{"path":"D:\\github\\algorithm-review\\src\\bubble.js","s":{"1":1,"2":1,"3":4,"4":16,"5":24,"6":14,"7":4,"8":1},"b":{"1":[14,10]},"f":{"1":4},"fnMap":{"1":{"name":"bubble","line":6,"loc":{"start":{"line":6,"column":0},"end":{"line":6,"column":21}}}},"statementMap":{"1":{"start":{"line":4,"column":0},"end":{"line":4,"column":31}},"2":{"start":{"line":6,"column":0},"end":{"line":16,"column":1}},"3":{"start":{"line":7,"column":2},"end":{"line":13,"column":3}},"4":{"start":{"line":8,"column":4},"end":{"line":12,"column":5}},"5":{"start":{"line":9,"column":6},"end":{"line":11,"column":7}},"6":{"start":{"line":10,"column":8},"end":{"line":10,"column":34}},"7":{"start":{"line":15,"column":2},"end":{"line":15,"column":13}},"8":{"start":{"line":18,"column":0},"end":{"line":18,"column":24}}},"branchMap":{"1":{"line":9,"type":"if","locations":[{"start":{"line":9,"column":6},"end":{"line":9,"column":6}},{"start":{"line":9,"column":6},"end":{"line":9,"column":6}}]}}},"D:\\github\\algorithm-review\\src\\swap.js":{"path":"D:\\github\\algorithm-review\\src\\swap.js","s":{"1":1,"2":48,"3":48,"4":48,"5":48,"6":48,"7":1},"b":{},"f":{"1":48},"fnMap":{"1":{"name":"swap","line":12,"loc":{"start":{"line":12,"column":0},"end":{"line":12,"column":25}}}},"statementMap":{"1":{"start":{"line":12,"column":0},"end":{"line":18,"column":1}},"2":{"start":{"line":13,"column":2},"end":{"line":13,"column":27}},"3":{"start":{"line":14,"column":2},"end":{"line":14,"column":26}},"4":{"start":{"line":15,"column":2},"end":{"line":15,"column":30}},"5":{"start":{"line":16,"column":2},"end":{"line":16,"column":22}},"6":{"start":{"line":17,"column":2},"end":{"line":17,"column":19}},"7":{"start":{"line":20,"column":0},"end":{"line":20,"column":22}}},"branchMap":{}},"D:\\github\\algorithm-review\\src\\bubbleOptimization.js":{"path":"D:\\github\\algorithm-review\\src\\bubbleOptimization.js","s":{"1":1,"2":1,"3":4,"4":4,"5":12,"6":25,"7":14,"8":14,"9":12,"10":4,"11":1},"b":{"1":[14,11]},"f":{"1":4},"fnMap":{"1":{"name":"bubble","line":9,"loc":{"start":{"line":9,"column":0},"end":{"line":9,"column":21}}}},"statementMap":{"1":{"start":{"line":7,"column":0},"end":{"line":7,"column":31}},"2":{"start":{"line":9,"column":0},"end":{"line":23,"column":1}},"3":{"start":{"line":10,"column":2},"end":{"line":11,"column":19}},"4":{"start":{"line":12,"column":2},"end":{"line":20,"column":3}},"5":{"start":{"line":13,"column":4},"end":{"line":18,"column":5}},"6":{"start":{"line":14,"column":6},"end":{"line":17,"column":7}},"7":{"start":{"line":15,"column":8},"end":{"line":15,"column":34}},"8":{"start":{"line":16,"column":8},"end":{"line":16,"column":17}},"9":{"start":{"line":19,"column":4},"end":{"line":19,"column":16}},"10":{"start":{"line":22,"column":2},"end":{"line":22,"column":13}},"11":{"start":{"line":24,"column":0},"end":{"line":24,"column":24}}},"branchMap":{"1":{"line":14,"type":"if","locations":[{"start":{"line":14,"column":6},"end":{"line":14,"column":6}},{"start":{"line":14,"column":6},"end":{"line":14,"column":6}}]}}},"D:\\github\\algorithm-review\\src\\insert.js":{"path":"D:\\github\\algorithm-review\\src\\insert.js","s":{"1":1,"2":4,"3":32,"4":24,"5":24,"6":112,"7":60,"8":60,"9":24,"10":4,"11":1},"b":{"1":[24,8],"2":[60,52]},"f":{"1":4},"fnMap":{"1":{"name":"insert","line":4,"loc":{"start":{"line":4,"column":0},"end":{"line":4,"column":21}}}},"statementMap":{"1":{"start":{"line":4,"column":0},"end":{"line":20,"column":1}},"2":{"start":{"line":5,"column":2},"end":{"line":17,"column":3}},"3":{"start":{"line":6,"column":4},"end":{"line":16,"column":5}},"4":{"start":{"line":7,"column":6},"end":{"line":8,"column":23}},"5":{"start":{"line":9,"column":6},"end":{"line":14,"column":7}},"6":{"start":{"line":10,"column":8},"end":{"line":13,"column":9}},"7":{"start":{"line":11,"column":10},"end":{"line":11,"column":30}},"8":{"start":{"line":12,"column":10},"end":{"line":12,"column":19}},"9":{"start":{"line":15,"column":6},"end":{"line":15,"column":23}},"10":{"start":{"line":19,"column":2},"end":{"line":19,"column":13}},"11":{"start":{"line":22,"column":0},"end":{"line":22,"column":24}}},"branchMap":{"1":{"line":6,"type":"if","locations":[{"start":{"line":6,"column":4},"end":{"line":6,"column":4}},{"start":{"line":6,"column":4},"end":{"line":6,"column":4}}]},"2":{"line":10,"type":"if","locations":[{"start":{"line":10,"column":8},"end":{"line":10,"column":8}},{"start":{"line":10,"column":8},"end":{"line":10,"column":8}}]}}},"D:\\github\\algorithm-review\\src\\select.js":{"path":"D:\\github\\algorithm-review\\src\\select.js","s":{"1":1,"2":1,"3":4,"4":32,"5":32,"6":144,"7":31,"8":32,"9":20,"10":4,"11":1},"b":{"1":[31,113],"2":[20,12]},"f":{"1":4},"fnMap":{"1":{"name":"select","line":6,"loc":{"start":{"line":6,"column":0},"end":{"line":6,"column":21}}}},"statementMap":{"1":{"start":{"line":4,"column":0},"end":{"line":4,"column":31}},"2":{"start":{"line":6,"column":0},"end":{"line":20,"column":1}},"3":{"start":{"line":7,"column":2},"end":{"line":17,"column":3}},"4":{"start":{"line":8,"column":4},"end":{"line":8,"column":16}},"5":{"start":{"line":9,"column":4},"end":{"line":13,"column":5}},"6":{"start":{"line":10,"column":6},"end":{"line":12,"column":7}},"7":{"start":{"line":11,"column":8},"end":{"line":11,"column":16}},"8":{"start":{"line":14,"column":4},"end":{"line":16,"column":5}},"9":{"start":{"line":15,"column":6},"end":{"line":15,"column":30}},"10":{"start":{"line":19,"column":2},"end":{"line":19,"column":13}},"11":{"start":{"line":26,"column":0},"end":{"line":26,"column":24}}},"branchMap":{"1":{"line":10,"type":"if","locations":[{"start":{"line":10,"column":6},"end":{"line":10,"column":6}},{"start":{"line":10,"column":6},"end":{"line":10,"column":6}}]},"2":{"line":14,"type":"if","locations":[{"start":{"line":14,"column":4},"end":{"line":14,"column":4}},{"start":{"line":14,"column":4},"end":{"line":14,"column":4}}]}}}}