TN:
SF:D:\github\algorithm-review\src\bubble.js
FN:6,bubble
FNF:1
FNH:1
FNDA:4,bubble
DA:4,1
DA:6,1
DA:7,4
DA:8,16
DA:9,24
DA:10,14
DA:15,4
DA:18,1
LF:8
LH:8
BRDA:9,1,0,14
BRDA:9,1,1,10
BRF:2
BRH:2
end_of_record
TN:
SF:D:\github\algorithm-review\src\swap.js
FN:12,swap
FNF:1
FNH:1
FNDA:48,swap
DA:12,1
DA:13,48
DA:14,48
DA:15,48
DA:16,48
DA:17,48
DA:20,1
LF:7
LH:7
BRF:0
BRH:0
end_of_record
TN:
SF:D:\github\algorithm-review\src\bubbleOptimization.js
FN:9,bubble
FNF:1
FNH:1
FNDA:4,bubble
DA:7,1
DA:9,1
DA:10,4
DA:12,4
DA:13,12
DA:14,25
DA:15,14
DA:16,14
DA:19,12
DA:22,4
DA:24,1
LF:11
LH:11
BRDA:14,1,0,14
BRDA:14,1,1,11
BRF:2
BRH:2
end_of_record
TN:
SF:D:\github\algorithm-review\src\insert.js
FN:4,insert
FNF:1
FNH:1
FNDA:4,insert
DA:4,1
DA:5,4
DA:6,32
DA:7,24
DA:9,24
DA:10,112
DA:11,60
DA:12,60
DA:15,24
DA:19,4
DA:22,1
LF:11
LH:11
BRDA:6,1,0,24
BRDA:6,1,1,8
BRDA:10,2,0,60
BRDA:10,2,1,52
BRF:4
BRH:4
end_of_record
TN:
SF:D:\github\algorithm-review\src\select.js
FN:6,select
FNF:1
FNH:1
FNDA:4,select
DA:4,1
DA:6,1
DA:7,4
DA:8,32
DA:9,32
DA:10,144
DA:11,31
DA:14,32
DA:15,20
DA:19,4
DA:26,1
LF:11
LH:11
BRDA:10,1,0,31
BRDA:10,1,1,113
BRDA:14,2,0,20
BRDA:14,2,1,12
BRF:4
BRH:4
end_of_record
