TN:
SF:D:\github\algorithm-review\src\binary.js
FN:14,binary
FNF:1
FNH:1
FNDA:9,binary
DA:14,1
DA:15,9
DA:16,2
DA:19,7
DA:20,7
DA:22,7
DA:25,7
DA:26,6
DA:27,6
DA:28,3
DA:29,3
DA:30,2
DA:32,1
DA:35,4
DA:43,1
LF:15
LH:15
BRDA:15,1,0,2
BRDA:15,1,1,7
BRDA:16,2,0,1
BRDA:16,2,1,1
BRDA:25,3,0,10
BRDA:25,3,1,10
BRDA:25,3,2,8
BRDA:27,4,0,3
BRDA:27,4,1,3
BRDA:29,5,0,2
BRDA:29,5,1,1
BRF:11
BRH:11
end_of_record
TN:
SF:D:\github\algorithm-review\src\bubble.js
FN:6,bubble
FNF:1
FNH:1
FNDA:4,bubble
DA:4,1
DA:6,1
DA:7,4
DA:8,16
DA:9,24
DA:10,14
DA:15,4
DA:18,1
LF:8
LH:8
BRDA:9,1,0,14
BRDA:9,1,1,10
BRF:2
BRH:2
end_of_record
TN:
SF:D:\github\algorithm-review\src\swap.js
FN:12,swap
FNF:1
FNH:1
FNDA:136,swap
DA:12,1
DA:13,136
DA:14,136
DA:15,136
DA:16,136
DA:17,136
DA:20,1
LF:7
LH:7
BRF:0
BRH:0
end_of_record
TN:
SF:D:\github\algorithm-review\src\bubbleOptimization.js
FN:9,bubble
FNF:1
FNH:1
FNDA:4,bubble
DA:7,1
DA:9,1
DA:10,4
DA:12,4
DA:13,12
DA:14,25
DA:15,14
DA:16,14
DA:19,12
DA:22,4
DA:24,1
LF:11
LH:11
BRDA:14,1,0,14
BRDA:14,1,1,11
BRF:2
BRH:2
end_of_record
TN:
SF:D:\github\algorithm-review\src\count.js
FN:12,count
FNF:1
FNH:1
FNDA:5,count
DA:12,1
DA:13,5
DA:16,4
DA:18,4
DA:19,4
DA:20,4
DA:21,4
DA:22,36
DA:23,36
DA:24,36
DA:27,4
DA:28,88
DA:31,4
DA:32,36
DA:33,36
DA:36,4
DA:44,1
LF:17
LH:17
BRDA:13,1,0,1
BRDA:13,1,1,4
BRDA:22,2,0,3
BRDA:22,2,1,33
BRDA:23,3,0,7
BRDA:23,3,1,29
BRDA:24,4,0,8
BRDA:24,4,1,28
BRDA:28,5,0,88
BRDA:28,5,1,64
BRF:10
BRH:10
end_of_record
TN:
SF:D:\github\algorithm-review\src\heap.js
FN:12,heap
FN:37,heapify
FNF:2
FNH:2
FNDA:5,heap
FNDA:108,heapify
DA:5,1
DA:12,1
DA:13,5
DA:14,4
DA:16,4
DA:17,20
DA:20,4
DA:21,36
DA:22,36
DA:25,4
DA:37,1
DA:38,108
DA:39,108
DA:40,108
DA:41,108
DA:42,108
DA:43,42
DA:46,108
DA:47,18
DA:50,108
DA:51,52
DA:52,52
DA:55,56
DA:62,1
LF:24
LH:24
BRDA:13,1,0,1
BRDA:13,1,1,4
BRDA:42,2,0,42
BRDA:42,2,1,66
BRDA:42,3,0,108
BRDA:42,3,1,68
BRDA:46,4,0,18
BRDA:46,4,1,90
BRDA:46,5,0,108
BRDA:46,5,1,55
BRDA:50,6,0,52
BRDA:50,6,1,56
BRF:12
BRH:12
end_of_record
TN:
SF:D:\github\algorithm-review\src\insert.js
FN:4,insert
FNF:1
FNH:1
FNDA:4,insert
DA:4,1
DA:5,4
DA:6,32
DA:7,24
DA:9,24
DA:10,112
DA:11,60
DA:12,60
DA:15,24
DA:19,4
DA:22,1
LF:11
LH:11
BRDA:6,1,0,24
BRDA:6,1,1,8
BRDA:10,2,0,60
BRDA:10,2,1,52
BRF:4
BRH:4
end_of_record
TN:
SF:D:\github\algorithm-review\src\merge.js
FN:13,merge
FN:33,mergeify
FNF:2
FNH:2
FNDA:68,merge
FNDA:32,mergeify
DA:13,1
DA:14,68
DA:17,32
DA:19,32
DA:21,32
DA:23,32
DA:33,1
DA:34,32
DA:36,32
DA:37,79
DA:40,32
DA:41,18
DA:44,32
DA:45,19
DA:48,32
DA:56,1
LF:16
LH:16
BRDA:14,1,0,36
BRDA:14,1,1,32
BRDA:36,2,0,111
BRDA:36,2,1,97
BRDA:37,3,0,34
BRDA:37,3,1,45
BRF:6
BRH:6
end_of_record
TN:
SF:D:\github\algorithm-review\src\quick.js
FN:10,quick
FNF:1
FNH:1
FNDA:46,quick
DA:10,1
DA:11,46
DA:12,25
DA:15,21
DA:17,21
DA:19,21
DA:21,21
DA:22,98
DA:25,21
DA:33,1
LF:10
LH:10
BRDA:11,1,0,25
BRDA:11,1,1,21
BRDA:22,2,0,37
BRDA:22,2,1,61
BRF:4
BRH:4
end_of_record
TN:
SF:D:\github\algorithm-review\src\select.js
FN:6,select
FNF:1
FNH:1
FNDA:4,select
DA:4,1
DA:6,1
DA:7,4
DA:8,32
DA:9,32
DA:10,144
DA:11,31
DA:14,32
DA:15,20
DA:19,4
DA:26,1
LF:11
LH:11
BRDA:10,1,0,31
BRDA:10,1,1,113
BRDA:14,2,0,20
BRDA:14,2,1,12
BRF:4
BRH:4
end_of_record
TN:
SF:D:\github\algorithm-review\src\shell.js
FN:4,shell
FNF:1
FNH:1
FNDA:4,shell
DA:4,1
DA:6,4
DA:8,4
DA:9,4
DA:10,8
DA:12,4
DA:13,12
DA:14,64
DA:16,64
DA:17,188
DA:18,39
DA:19,39
DA:22,64
DA:26,4
DA:33,1
LF:15
LH:15
BRDA:17,1,0,39
BRDA:17,1,1,149
BRF:2
BRH:2
end_of_record
